<?xml version="1.0" encoding="UTF-8"?>
<!-- Generated by org.testng.reporters.JUnitReportReporter -->
<testsuite hostname="Laxman-Notebook" name="com.git.test.GitTest" tests="1" failures="0" timestamp="23 Jul 2019 04:23:01 GMT" time="15.417" errors="0">
  <testcase name="bing" time="15.417" classname="com.git.test.GitTest"/>
</testsuite> <!-- com.git.test.GitTest -->
